<?xml version="1.0" encoding="UTF-8"?>
<testsuites name="Test Suite of 5" time="79.019" tests="5" failures="0" errors="0">
   <testsuite name="Test Suite of 5" tests="5" failures="0" errors="0" time="79.019" skipped="0" timestamp="22-02-2024T00:49:36" hostname="tanayaseto - localhost" id="Test Suites/Test Suite of 5">
      <properties>
         <property name="deviceName" value=""/>
         <property name="devicePlatform" value=""/>
         <property name="logFolder" value="/Users/tanayaseto/Katalon Studio/Practical Exercise 5 - Email Report/Reports/20240222_004927/Test Suite of 5/20240222_004927"/>
         <property name="logFiles" value="/Users/tanayaseto/Katalon Studio/Practical Exercise 5 - Email Report/Reports/20240222_004927/Test Suite of 5/20240222_004927/execution0.log"/>
         <property name="attachments" value=""/>
         <property name="hostName" value="tanayaseto - localhost"/>
         <property name="os" value="Mac OS X 64bit"/>
         <property name="katalonVersion" value="9.3.0.212"/>
         <property name="browser" value="Firefox 123.0"/>
         <property name="hostAddress" value="127.0.0.1"/>
         <property name="sessionId" value="c67ceb71-7797-4d29-a728-d79da96257c1"/>
         <property name="seleniumVersion" value="3.141.59"/>
         <property name="proxyInformation" value="ProxyInformation { proxyOption=NO_PROXY, proxyServerType=HTTP, username=, password=********, proxyServerAddress=, proxyServerPort=0, executionList=&quot;&quot;, isApplyToDesiredCapabilities=true }"/>
         <property name="platform" value="Mac OS X"/>
      </properties>
      <testcase name="Test Cases/TC - Login Success" time="13.598" classname="Test Cases/TC - Login Success" status="PASSED">
         <system-out><![CDATA[22-02-2024T00:49:37 - [TEST_CASE][PASSED] - Test Cases/TC - Login Success: Test Cases/TC - Login Success

22-02-2024T00:49:37 - [TEST_STEP][PASSED] - openBrowser(""): Browser is opened with url: ''

22-02-2024T00:49:38 - [MESSAGE][INFO] - Starting 'Firefox' driver

22-02-2024T00:49:38 - [MESSAGE][INFO] - Action delay is set to 0 milliseconds

22-02-2024T00:49:44 - [MESSAGE][PASSED] - Browser is opened with url: ''

22-02-2024T00:49:44 - [TEST_STEP][PASSED] - navigateToUrl("https://www.saucedemo.com/"): Navigate to 'https://www.saucedemo.com/' successfully

22-02-2024T00:49:45 - [MESSAGE][PASSED] - Navigate to 'https://www.saucedemo.com/' successfully

22-02-2024T00:49:45 - [TEST_STEP][PASSED] - verifyElementClickable(findTestObject("Object Repository/Page_Swag Labs/input_Swag Labs_login-button")): Object 'Object Repository/Page_Swag Labs/input_Swag Labs_login-button' is clickable

22-02-2024T00:49:48 - [MESSAGE][PASSED] - Object 'Object Repository/Page_Swag Labs/input_Swag Labs_login-button' is clickable

22-02-2024T00:49:48 - [TEST_STEP][PASSED] - verifyElementPresent(findTestObject("Object Repository/Page_Swag Labs/input_Swag Labs_user-name"), 1): Object 'Object Repository/Page_Swag Labs/input_Swag Labs_user-name' is present

22-02-2024T00:49:48 - [MESSAGE][PASSED] - Object 'Object Repository/Page_Swag Labs/input_Swag Labs_user-name' is present

22-02-2024T00:49:48 - [TEST_STEP][PASSED] - verifyElementPresent(findTestObject("Object Repository/Page_Swag Labs/input_Swag Labs_password"), 1): Object 'Object Repository/Page_Swag Labs/input_Swag Labs_password' is present

22-02-2024T00:49:48 - [MESSAGE][PASSED] - Object 'Object Repository/Page_Swag Labs/input_Swag Labs_password' is present

22-02-2024T00:49:48 - [TEST_STEP][PASSED] - setText(findTestObject("Object Repository/Page_Swag Labs/input_Swag Labs_user-name"), "standard_user"): Text 'standard_user' is set on object 'Object Repository/Page_Swag Labs/input_Swag Labs_user-name'

22-02-2024T00:49:49 - [MESSAGE][PASSED] - Text 'standard_user' is set on object 'Object Repository/Page_Swag Labs/input_Swag Labs_user-name'

22-02-2024T00:49:49 - [TEST_STEP][PASSED] - setText(findTestObject("Object Repository/Page_Swag Labs/input_Swag Labs_password"), "secret_sauce"): Text 'secret_sauce' is set on object 'Object Repository/Page_Swag Labs/input_Swag Labs_password'

22-02-2024T00:49:50 - [MESSAGE][PASSED] - Text 'secret_sauce' is set on object 'Object Repository/Page_Swag Labs/input_Swag Labs_password'

22-02-2024T00:49:50 - [TEST_STEP][PASSED] - click(findTestObject("Object Repository/Page_Swag Labs/input_Swag Labs_login-button")): Object: 'Object Repository/Page_Swag Labs/input_Swag Labs_login-button' is clicked on

22-02-2024T00:49:50 - [MESSAGE][PASSED] - Object: 'Object Repository/Page_Swag Labs/input_Swag Labs_login-button' is clicked on]]></system-out>
         <system-err><![CDATA[]]></system-err>
      </testcase>
      <testcase name="Test Cases/TC - Add to Cart" time="13.596" classname="Test Cases/TC - Add to Cart" status="PASSED">
         <system-out><![CDATA[22-02-2024T00:49:50 - [TEST_CASE][PASSED] - Test Cases/TC - Add to Cart: Test Cases/TC - Add to Cart

22-02-2024T00:49:51 - [TEST_STEP][PASSED] - callTestCase(findTestCase("TC - Login Success"), null): Call Test Case 'Test Cases/TC - Login Success' successfully

22-02-2024T00:49:51 - [TEST_CASE][PASSED] - Test Cases/TC - Login Success: Test Cases/TC - Login Success

22-02-2024T00:49:51 - [TEST_STEP][PASSED] - openBrowser(""): Browser is opened with url: ''

22-02-2024T00:49:51 - [MESSAGE][WARNING] - A browser is already opened. Closing browser and opening a new one

22-02-2024T00:49:52 - [MESSAGE][INFO] - Starting 'Firefox' driver

22-02-2024T00:49:52 - [MESSAGE][INFO] - Action delay is set to 0 milliseconds

22-02-2024T00:49:56 - [MESSAGE][PASSED] - Browser is opened with url: ''

22-02-2024T00:49:56 - [TEST_STEP][PASSED] - navigateToUrl("https://www.saucedemo.com/"): Navigate to 'https://www.saucedemo.com/' successfully

22-02-2024T00:49:58 - [MESSAGE][PASSED] - Navigate to 'https://www.saucedemo.com/' successfully

22-02-2024T00:49:58 - [TEST_STEP][PASSED] - verifyElementClickable(findTestObject("Object Repository/Page_Swag Labs/input_Swag Labs_login-button")): Object 'Object Repository/Page_Swag Labs/input_Swag Labs_login-button' is clickable

22-02-2024T00:49:59 - [MESSAGE][PASSED] - Object 'Object Repository/Page_Swag Labs/input_Swag Labs_login-button' is clickable

22-02-2024T00:49:59 - [TEST_STEP][PASSED] - verifyElementPresent(findTestObject("Object Repository/Page_Swag Labs/input_Swag Labs_user-name"), 1): Object 'Object Repository/Page_Swag Labs/input_Swag Labs_user-name' is present

22-02-2024T00:49:59 - [MESSAGE][PASSED] - Object 'Object Repository/Page_Swag Labs/input_Swag Labs_user-name' is present

22-02-2024T00:49:59 - [TEST_STEP][PASSED] - verifyElementPresent(findTestObject("Object Repository/Page_Swag Labs/input_Swag Labs_password"), 1): Object 'Object Repository/Page_Swag Labs/input_Swag Labs_password' is present

22-02-2024T00:49:59 - [MESSAGE][PASSED] - Object 'Object Repository/Page_Swag Labs/input_Swag Labs_password' is present

22-02-2024T00:49:59 - [TEST_STEP][PASSED] - setText(findTestObject("Object Repository/Page_Swag Labs/input_Swag Labs_user-name"), "standard_user"): Text 'standard_user' is set on object 'Object Repository/Page_Swag Labs/input_Swag Labs_user-name'

22-02-2024T00:50:00 - [MESSAGE][PASSED] - Text 'standard_user' is set on object 'Object Repository/Page_Swag Labs/input_Swag Labs_user-name'

22-02-2024T00:50:00 - [TEST_STEP][PASSED] - setText(findTestObject("Object Repository/Page_Swag Labs/input_Swag Labs_password"), "secret_sauce"): Text 'secret_sauce' is set on object 'Object Repository/Page_Swag Labs/input_Swag Labs_password'

22-02-2024T00:50:01 - [MESSAGE][PASSED] - Text 'secret_sauce' is set on object 'Object Repository/Page_Swag Labs/input_Swag Labs_password'

22-02-2024T00:50:01 - [TEST_STEP][PASSED] - click(findTestObject("Object Repository/Page_Swag Labs/input_Swag Labs_login-button")): Object: 'Object Repository/Page_Swag Labs/input_Swag Labs_login-button' is clicked on

22-02-2024T00:50:02 - [MESSAGE][PASSED] - Object: 'Object Repository/Page_Swag Labs/input_Swag Labs_login-button' is clicked on

22-02-2024T00:50:02 - [MESSAGE][PASSED] - Call Test Case 'Test Cases/TC - Login Success' successfully

22-02-2024T00:50:02 - [TEST_STEP][PASSED] - verifyElementPresent(findTestObject("Object Repository/Page_Swag Labs/div_Swag Labs"), 0): Object 'Object Repository/Page_Swag Labs/div_Swag Labs' is present

22-02-2024T00:50:02 - [MESSAGE][WARNING] - Timeout '0' is invalid. Using default page load timeout: '30'

22-02-2024T00:50:02 - [MESSAGE][PASSED] - Object 'Object Repository/Page_Swag Labs/div_Swag Labs' is present

22-02-2024T00:50:02 - [TEST_STEP][PASSED] - verifyElementPresent(findTestObject("Object Repository/Page_Swag Labs/div_Sauce Labs Backpack"), 0): Object 'Object Repository/Page_Swag Labs/div_Sauce Labs Backpack' is present

22-02-2024T00:50:02 - [MESSAGE][WARNING] - Timeout '0' is invalid. Using default page load timeout: '30'

22-02-2024T00:50:03 - [MESSAGE][PASSED] - Object 'Object Repository/Page_Swag Labs/div_Sauce Labs Backpack' is present

22-02-2024T00:50:03 - [TEST_STEP][PASSED] - click(findTestObject("Object Repository/Page_Swag Labs/div_Sauce Labs Backpack")): Object: 'Object Repository/Page_Swag Labs/div_Sauce Labs Backpack' is clicked on

22-02-2024T00:50:03 - [MESSAGE][PASSED] - Object: 'Object Repository/Page_Swag Labs/div_Sauce Labs Backpack' is clicked on

22-02-2024T00:50:03 - [TEST_STEP][PASSED] - verifyElementPresent(findTestObject("Object Repository/Page_Swag Labs/button_Add to cart"), 1): Object 'Object Repository/Page_Swag Labs/button_Add to cart' is present

22-02-2024T00:50:04 - [MESSAGE][PASSED] - Object 'Object Repository/Page_Swag Labs/button_Add to cart' is present

22-02-2024T00:50:04 - [TEST_STEP][PASSED] - click(findTestObject("Object Repository/Page_Swag Labs/button_Add to cart")): Object: 'Object Repository/Page_Swag Labs/button_Add to cart' is clicked on

22-02-2024T00:50:04 - [MESSAGE][PASSED] - Object: 'Object Repository/Page_Swag Labs/button_Add to cart' is clicked on]]></system-out>
         <system-err><![CDATA[]]></system-err>
      </testcase>
      <testcase name="Test Cases/TC - Open Cart" time="15.03" classname="Test Cases/TC - Open Cart" status="PASSED">
         <system-out><![CDATA[22-02-2024T00:50:04 - [TEST_CASE][PASSED] - Test Cases/TC - Open Cart: Test Cases/TC - Open Cart

22-02-2024T00:50:04 - [TEST_STEP][PASSED] - callTestCase(findTestCase("TC - Add to Cart"), null): Call Test Case 'Test Cases/TC - Add to Cart' successfully

22-02-2024T00:50:04 - [TEST_CASE][PASSED] - Test Cases/TC - Add to Cart: Test Cases/TC - Add to Cart

22-02-2024T00:50:04 - [TEST_STEP][PASSED] - callTestCase(findTestCase("TC - Login Success"), null): Call Test Case 'Test Cases/TC - Login Success' successfully

22-02-2024T00:50:04 - [TEST_CASE][PASSED] - Test Cases/TC - Login Success: Test Cases/TC - Login Success

22-02-2024T00:50:04 - [TEST_STEP][PASSED] - openBrowser(""): Browser is opened with url: ''

22-02-2024T00:50:04 - [MESSAGE][WARNING] - A browser is already opened. Closing browser and opening a new one

22-02-2024T00:50:06 - [MESSAGE][INFO] - Starting 'Firefox' driver

22-02-2024T00:50:06 - [MESSAGE][INFO] - Action delay is set to 0 milliseconds

22-02-2024T00:50:10 - [MESSAGE][PASSED] - Browser is opened with url: ''

22-02-2024T00:50:10 - [TEST_STEP][PASSED] - navigateToUrl("https://www.saucedemo.com/"): Navigate to 'https://www.saucedemo.com/' successfully

22-02-2024T00:50:12 - [MESSAGE][PASSED] - Navigate to 'https://www.saucedemo.com/' successfully

22-02-2024T00:50:12 - [TEST_STEP][PASSED] - verifyElementClickable(findTestObject("Object Repository/Page_Swag Labs/input_Swag Labs_login-button")): Object 'Object Repository/Page_Swag Labs/input_Swag Labs_login-button' is clickable

22-02-2024T00:50:13 - [MESSAGE][PASSED] - Object 'Object Repository/Page_Swag Labs/input_Swag Labs_login-button' is clickable

22-02-2024T00:50:13 - [TEST_STEP][PASSED] - verifyElementPresent(findTestObject("Object Repository/Page_Swag Labs/input_Swag Labs_user-name"), 1): Object 'Object Repository/Page_Swag Labs/input_Swag Labs_user-name' is present

22-02-2024T00:50:13 - [MESSAGE][PASSED] - Object 'Object Repository/Page_Swag Labs/input_Swag Labs_user-name' is present

22-02-2024T00:50:13 - [TEST_STEP][PASSED] - verifyElementPresent(findTestObject("Object Repository/Page_Swag Labs/input_Swag Labs_password"), 1): Object 'Object Repository/Page_Swag Labs/input_Swag Labs_password' is present

22-02-2024T00:50:14 - [MESSAGE][PASSED] - Object 'Object Repository/Page_Swag Labs/input_Swag Labs_password' is present

22-02-2024T00:50:14 - [TEST_STEP][PASSED] - setText(findTestObject("Object Repository/Page_Swag Labs/input_Swag Labs_user-name"), "standard_user"): Text 'standard_user' is set on object 'Object Repository/Page_Swag Labs/input_Swag Labs_user-name'

22-02-2024T00:50:14 - [MESSAGE][PASSED] - Text 'standard_user' is set on object 'Object Repository/Page_Swag Labs/input_Swag Labs_user-name'

22-02-2024T00:50:14 - [TEST_STEP][PASSED] - setText(findTestObject("Object Repository/Page_Swag Labs/input_Swag Labs_password"), "secret_sauce"): Text 'secret_sauce' is set on object 'Object Repository/Page_Swag Labs/input_Swag Labs_password'

22-02-2024T00:50:15 - [MESSAGE][PASSED] - Text 'secret_sauce' is set on object 'Object Repository/Page_Swag Labs/input_Swag Labs_password'

22-02-2024T00:50:15 - [TEST_STEP][PASSED] - click(findTestObject("Object Repository/Page_Swag Labs/input_Swag Labs_login-button")): Object: 'Object Repository/Page_Swag Labs/input_Swag Labs_login-button' is clicked on

22-02-2024T00:50:16 - [MESSAGE][PASSED] - Object: 'Object Repository/Page_Swag Labs/input_Swag Labs_login-button' is clicked on

22-02-2024T00:50:16 - [MESSAGE][PASSED] - Call Test Case 'Test Cases/TC - Login Success' successfully

22-02-2024T00:50:16 - [TEST_STEP][PASSED] - verifyElementPresent(findTestObject("Object Repository/Page_Swag Labs/div_Swag Labs"), 0): Object 'Object Repository/Page_Swag Labs/div_Swag Labs' is present

22-02-2024T00:50:16 - [MESSAGE][WARNING] - Timeout '0' is invalid. Using default page load timeout: '30'

22-02-2024T00:50:17 - [MESSAGE][PASSED] - Object 'Object Repository/Page_Swag Labs/div_Swag Labs' is present

22-02-2024T00:50:17 - [TEST_STEP][PASSED] - verifyElementPresent(findTestObject("Object Repository/Page_Swag Labs/div_Sauce Labs Backpack"), 0): Object 'Object Repository/Page_Swag Labs/div_Sauce Labs Backpack' is present

22-02-2024T00:50:17 - [MESSAGE][WARNING] - Timeout '0' is invalid. Using default page load timeout: '30'

22-02-2024T00:50:17 - [MESSAGE][PASSED] - Object 'Object Repository/Page_Swag Labs/div_Sauce Labs Backpack' is present

22-02-2024T00:50:17 - [TEST_STEP][PASSED] - click(findTestObject("Object Repository/Page_Swag Labs/div_Sauce Labs Backpack")): Object: 'Object Repository/Page_Swag Labs/div_Sauce Labs Backpack' is clicked on

22-02-2024T00:50:18 - [MESSAGE][PASSED] - Object: 'Object Repository/Page_Swag Labs/div_Sauce Labs Backpack' is clicked on

22-02-2024T00:50:18 - [TEST_STEP][PASSED] - verifyElementPresent(findTestObject("Object Repository/Page_Swag Labs/button_Add to cart"), 1): Object 'Object Repository/Page_Swag Labs/button_Add to cart' is present

22-02-2024T00:50:18 - [MESSAGE][PASSED] - Object 'Object Repository/Page_Swag Labs/button_Add to cart' is present

22-02-2024T00:50:18 - [TEST_STEP][PASSED] - click(findTestObject("Object Repository/Page_Swag Labs/button_Add to cart")): Object: 'Object Repository/Page_Swag Labs/button_Add to cart' is clicked on

22-02-2024T00:50:18 - [MESSAGE][PASSED] - Object: 'Object Repository/Page_Swag Labs/button_Add to cart' is clicked on

22-02-2024T00:50:18 - [MESSAGE][PASSED] - Call Test Case 'Test Cases/TC - Add to Cart' successfully

22-02-2024T00:50:18 - [TEST_STEP][PASSED] - verifyElementPresent(findTestObject("Object Repository/Page_Swag Labs/a_Swag Labs_shopping_cart_link"), 1): Object 'Object Repository/Page_Swag Labs/a_Swag Labs_shopping_cart_link' is present

22-02-2024T00:50:19 - [MESSAGE][PASSED] - Object 'Object Repository/Page_Swag Labs/a_Swag Labs_shopping_cart_link' is present

22-02-2024T00:50:19 - [TEST_STEP][PASSED] - click(findTestObject("Object Repository/Page_Swag Labs/a_Swag Labs_shopping_cart_link")): Object: 'Object Repository/Page_Swag Labs/a_Swag Labs_shopping_cart_link' is clicked on

22-02-2024T00:50:19 - [MESSAGE][PASSED] - Object: 'Object Repository/Page_Swag Labs/a_Swag Labs_shopping_cart_link' is clicked on]]></system-out>
         <system-err><![CDATA[]]></system-err>
      </testcase>
      <testcase name="Test Cases/TC - Checkout" time="17.713" classname="Test Cases/TC - Checkout" status="PASSED">
         <system-out><![CDATA[22-02-2024T00:50:19 - [TEST_CASE][PASSED] - Test Cases/TC - Checkout: Test Cases/TC - Checkout

22-02-2024T00:50:19 - [TEST_STEP][PASSED] - callTestCase(findTestCase("TC - Open Cart"), null): Call Test Case 'Test Cases/TC - Open Cart' successfully

22-02-2024T00:50:19 - [TEST_CASE][PASSED] - Test Cases/TC - Open Cart: Test Cases/TC - Open Cart

22-02-2024T00:50:19 - [TEST_STEP][PASSED] - callTestCase(findTestCase("TC - Add to Cart"), null): Call Test Case 'Test Cases/TC - Add to Cart' successfully

22-02-2024T00:50:19 - [TEST_CASE][PASSED] - Test Cases/TC - Add to Cart: Test Cases/TC - Add to Cart

22-02-2024T00:50:19 - [TEST_STEP][PASSED] - callTestCase(findTestCase("TC - Login Success"), null): Call Test Case 'Test Cases/TC - Login Success' successfully

22-02-2024T00:50:19 - [TEST_CASE][PASSED] - Test Cases/TC - Login Success: Test Cases/TC - Login Success

22-02-2024T00:50:19 - [TEST_STEP][PASSED] - openBrowser(""): Browser is opened with url: ''

22-02-2024T00:50:19 - [MESSAGE][WARNING] - A browser is already opened. Closing browser and opening a new one

22-02-2024T00:50:21 - [MESSAGE][INFO] - Starting 'Firefox' driver

22-02-2024T00:50:21 - [MESSAGE][INFO] - Action delay is set to 0 milliseconds

22-02-2024T00:50:25 - [MESSAGE][PASSED] - Browser is opened with url: ''

22-02-2024T00:50:25 - [TEST_STEP][PASSED] - navigateToUrl("https://www.saucedemo.com/"): Navigate to 'https://www.saucedemo.com/' successfully

22-02-2024T00:50:29 - [MESSAGE][PASSED] - Navigate to 'https://www.saucedemo.com/' successfully

22-02-2024T00:50:29 - [TEST_STEP][PASSED] - verifyElementClickable(findTestObject("Object Repository/Page_Swag Labs/input_Swag Labs_login-button")): Object 'Object Repository/Page_Swag Labs/input_Swag Labs_login-button' is clickable

22-02-2024T00:50:31 - [MESSAGE][PASSED] - Object 'Object Repository/Page_Swag Labs/input_Swag Labs_login-button' is clickable

22-02-2024T00:50:31 - [TEST_STEP][PASSED] - verifyElementPresent(findTestObject("Object Repository/Page_Swag Labs/input_Swag Labs_user-name"), 1): Object 'Object Repository/Page_Swag Labs/input_Swag Labs_user-name' is present

22-02-2024T00:50:31 - [MESSAGE][PASSED] - Object 'Object Repository/Page_Swag Labs/input_Swag Labs_user-name' is present

22-02-2024T00:50:31 - [TEST_STEP][PASSED] - verifyElementPresent(findTestObject("Object Repository/Page_Swag Labs/input_Swag Labs_password"), 1): Object 'Object Repository/Page_Swag Labs/input_Swag Labs_password' is present

22-02-2024T00:50:31 - [MESSAGE][PASSED] - Object 'Object Repository/Page_Swag Labs/input_Swag Labs_password' is present

22-02-2024T00:50:31 - [TEST_STEP][PASSED] - setText(findTestObject("Object Repository/Page_Swag Labs/input_Swag Labs_user-name"), "standard_user"): Text 'standard_user' is set on object 'Object Repository/Page_Swag Labs/input_Swag Labs_user-name'

22-02-2024T00:50:32 - [MESSAGE][PASSED] - Text 'standard_user' is set on object 'Object Repository/Page_Swag Labs/input_Swag Labs_user-name'

22-02-2024T00:50:32 - [TEST_STEP][PASSED] - setText(findTestObject("Object Repository/Page_Swag Labs/input_Swag Labs_password"), "secret_sauce"): Text 'secret_sauce' is set on object 'Object Repository/Page_Swag Labs/input_Swag Labs_password'

22-02-2024T00:50:33 - [MESSAGE][PASSED] - Text 'secret_sauce' is set on object 'Object Repository/Page_Swag Labs/input_Swag Labs_password'

22-02-2024T00:50:33 - [TEST_STEP][PASSED] - click(findTestObject("Object Repository/Page_Swag Labs/input_Swag Labs_login-button")): Object: 'Object Repository/Page_Swag Labs/input_Swag Labs_login-button' is clicked on

22-02-2024T00:50:33 - [MESSAGE][PASSED] - Object: 'Object Repository/Page_Swag Labs/input_Swag Labs_login-button' is clicked on

22-02-2024T00:50:33 - [MESSAGE][PASSED] - Call Test Case 'Test Cases/TC - Login Success' successfully

22-02-2024T00:50:33 - [TEST_STEP][PASSED] - verifyElementPresent(findTestObject("Object Repository/Page_Swag Labs/div_Swag Labs"), 0): Object 'Object Repository/Page_Swag Labs/div_Swag Labs' is present

22-02-2024T00:50:33 - [MESSAGE][WARNING] - Timeout '0' is invalid. Using default page load timeout: '30'

22-02-2024T00:50:34 - [MESSAGE][PASSED] - Object 'Object Repository/Page_Swag Labs/div_Swag Labs' is present

22-02-2024T00:50:34 - [TEST_STEP][PASSED] - verifyElementPresent(findTestObject("Object Repository/Page_Swag Labs/div_Sauce Labs Backpack"), 0): Object 'Object Repository/Page_Swag Labs/div_Sauce Labs Backpack' is present

22-02-2024T00:50:34 - [MESSAGE][WARNING] - Timeout '0' is invalid. Using default page load timeout: '30'

22-02-2024T00:50:34 - [MESSAGE][PASSED] - Object 'Object Repository/Page_Swag Labs/div_Sauce Labs Backpack' is present

22-02-2024T00:50:34 - [TEST_STEP][PASSED] - click(findTestObject("Object Repository/Page_Swag Labs/div_Sauce Labs Backpack")): Object: 'Object Repository/Page_Swag Labs/div_Sauce Labs Backpack' is clicked on

22-02-2024T00:50:35 - [MESSAGE][PASSED] - Object: 'Object Repository/Page_Swag Labs/div_Sauce Labs Backpack' is clicked on

22-02-2024T00:50:35 - [TEST_STEP][PASSED] - verifyElementPresent(findTestObject("Object Repository/Page_Swag Labs/button_Add to cart"), 1): Object 'Object Repository/Page_Swag Labs/button_Add to cart' is present

22-02-2024T00:50:35 - [MESSAGE][PASSED] - Object 'Object Repository/Page_Swag Labs/button_Add to cart' is present

22-02-2024T00:50:35 - [TEST_STEP][PASSED] - click(findTestObject("Object Repository/Page_Swag Labs/button_Add to cart")): Object: 'Object Repository/Page_Swag Labs/button_Add to cart' is clicked on

22-02-2024T00:50:35 - [MESSAGE][PASSED] - Object: 'Object Repository/Page_Swag Labs/button_Add to cart' is clicked on

22-02-2024T00:50:35 - [MESSAGE][PASSED] - Call Test Case 'Test Cases/TC - Add to Cart' successfully

22-02-2024T00:50:35 - [TEST_STEP][PASSED] - verifyElementPresent(findTestObject("Object Repository/Page_Swag Labs/a_Swag Labs_shopping_cart_link"), 1): Object 'Object Repository/Page_Swag Labs/a_Swag Labs_shopping_cart_link' is present

22-02-2024T00:50:36 - [MESSAGE][PASSED] - Object 'Object Repository/Page_Swag Labs/a_Swag Labs_shopping_cart_link' is present

22-02-2024T00:50:36 - [TEST_STEP][PASSED] - click(findTestObject("Object Repository/Page_Swag Labs/a_Swag Labs_shopping_cart_link")): Object: 'Object Repository/Page_Swag Labs/a_Swag Labs_shopping_cart_link' is clicked on

22-02-2024T00:50:36 - [MESSAGE][PASSED] - Object: 'Object Repository/Page_Swag Labs/a_Swag Labs_shopping_cart_link' is clicked on

22-02-2024T00:50:36 - [MESSAGE][PASSED] - Call Test Case 'Test Cases/TC - Open Cart' successfully

22-02-2024T00:50:36 - [TEST_STEP][PASSED] - verifyElementPresent(findTestObject("Object Repository/Page_Swag Labs/button_Checkout"), 1): Object 'Object Repository/Page_Swag Labs/button_Checkout' is present

22-02-2024T00:50:36 - [MESSAGE][PASSED] - Object 'Object Repository/Page_Swag Labs/button_Checkout' is present

22-02-2024T00:50:36 - [TEST_STEP][PASSED] - click(findTestObject("Object Repository/Page_Swag Labs/button_Checkout")): Object: 'Object Repository/Page_Swag Labs/button_Checkout' is clicked on

22-02-2024T00:50:37 - [MESSAGE][PASSED] - Object: 'Object Repository/Page_Swag Labs/button_Checkout' is clicked on]]></system-out>
         <system-err><![CDATA[]]></system-err>
      </testcase>
      <testcase name="Test Cases/TC - Filling Detail for Order" time="18.661" classname="Test Cases/TC - Filling Detail for Order" status="PASSED">
         <system-out><![CDATA[22-02-2024T00:50:37 - [TEST_CASE][PASSED] - Test Cases/TC - Filling Detail for Order: Test Cases/TC - Filling Detail for Order

22-02-2024T00:50:37 - [TEST_STEP][PASSED] - callTestCase(findTestCase("TC - Checkout"), null): Call Test Case 'Test Cases/TC - Checkout' successfully

22-02-2024T00:50:37 - [TEST_CASE][PASSED] - Test Cases/TC - Checkout: Test Cases/TC - Checkout

22-02-2024T00:50:37 - [TEST_STEP][PASSED] - callTestCase(findTestCase("TC - Open Cart"), null): Call Test Case 'Test Cases/TC - Open Cart' successfully

22-02-2024T00:50:37 - [TEST_CASE][PASSED] - Test Cases/TC - Open Cart: Test Cases/TC - Open Cart

22-02-2024T00:50:37 - [TEST_STEP][PASSED] - callTestCase(findTestCase("TC - Add to Cart"), null): Call Test Case 'Test Cases/TC - Add to Cart' successfully

22-02-2024T00:50:37 - [TEST_CASE][PASSED] - Test Cases/TC - Add to Cart: Test Cases/TC - Add to Cart

22-02-2024T00:50:37 - [TEST_STEP][PASSED] - callTestCase(findTestCase("TC - Login Success"), null): Call Test Case 'Test Cases/TC - Login Success' successfully

22-02-2024T00:50:37 - [TEST_CASE][PASSED] - Test Cases/TC - Login Success: Test Cases/TC - Login Success

22-02-2024T00:50:37 - [TEST_STEP][PASSED] - openBrowser(""): Browser is opened with url: ''

22-02-2024T00:50:37 - [MESSAGE][WARNING] - A browser is already opened. Closing browser and opening a new one

22-02-2024T00:50:38 - [MESSAGE][INFO] - Starting 'Firefox' driver

22-02-2024T00:50:38 - [MESSAGE][INFO] - Action delay is set to 0 milliseconds

22-02-2024T00:50:42 - [MESSAGE][PASSED] - Browser is opened with url: ''

22-02-2024T00:50:42 - [TEST_STEP][PASSED] - navigateToUrl("https://www.saucedemo.com/"): Navigate to 'https://www.saucedemo.com/' successfully

22-02-2024T00:50:45 - [MESSAGE][PASSED] - Navigate to 'https://www.saucedemo.com/' successfully

22-02-2024T00:50:45 - [TEST_STEP][PASSED] - verifyElementClickable(findTestObject("Object Repository/Page_Swag Labs/input_Swag Labs_login-button")): Object 'Object Repository/Page_Swag Labs/input_Swag Labs_login-button' is clickable

22-02-2024T00:50:46 - [MESSAGE][PASSED] - Object 'Object Repository/Page_Swag Labs/input_Swag Labs_login-button' is clickable

22-02-2024T00:50:46 - [TEST_STEP][PASSED] - verifyElementPresent(findTestObject("Object Repository/Page_Swag Labs/input_Swag Labs_user-name"), 1): Object 'Object Repository/Page_Swag Labs/input_Swag Labs_user-name' is present

22-02-2024T00:50:47 - [MESSAGE][PASSED] - Object 'Object Repository/Page_Swag Labs/input_Swag Labs_user-name' is present

22-02-2024T00:50:47 - [TEST_STEP][PASSED] - verifyElementPresent(findTestObject("Object Repository/Page_Swag Labs/input_Swag Labs_password"), 1): Object 'Object Repository/Page_Swag Labs/input_Swag Labs_password' is present

22-02-2024T00:50:47 - [MESSAGE][PASSED] - Object 'Object Repository/Page_Swag Labs/input_Swag Labs_password' is present

22-02-2024T00:50:47 - [TEST_STEP][PASSED] - setText(findTestObject("Object Repository/Page_Swag Labs/input_Swag Labs_user-name"), "standard_user"): Text 'standard_user' is set on object 'Object Repository/Page_Swag Labs/input_Swag Labs_user-name'

22-02-2024T00:50:48 - [MESSAGE][PASSED] - Text 'standard_user' is set on object 'Object Repository/Page_Swag Labs/input_Swag Labs_user-name'

22-02-2024T00:50:48 - [TEST_STEP][PASSED] - setText(findTestObject("Object Repository/Page_Swag Labs/input_Swag Labs_password"), "secret_sauce"): Text 'secret_sauce' is set on object 'Object Repository/Page_Swag Labs/input_Swag Labs_password'

22-02-2024T00:50:48 - [MESSAGE][PASSED] - Text 'secret_sauce' is set on object 'Object Repository/Page_Swag Labs/input_Swag Labs_password'

22-02-2024T00:50:48 - [TEST_STEP][PASSED] - click(findTestObject("Object Repository/Page_Swag Labs/input_Swag Labs_login-button")): Object: 'Object Repository/Page_Swag Labs/input_Swag Labs_login-button' is clicked on

22-02-2024T00:50:49 - [MESSAGE][PASSED] - Object: 'Object Repository/Page_Swag Labs/input_Swag Labs_login-button' is clicked on

22-02-2024T00:50:49 - [MESSAGE][PASSED] - Call Test Case 'Test Cases/TC - Login Success' successfully

22-02-2024T00:50:49 - [TEST_STEP][PASSED] - verifyElementPresent(findTestObject("Object Repository/Page_Swag Labs/div_Swag Labs"), 0): Object 'Object Repository/Page_Swag Labs/div_Swag Labs' is present

22-02-2024T00:50:49 - [MESSAGE][WARNING] - Timeout '0' is invalid. Using default page load timeout: '30'

22-02-2024T00:50:49 - [MESSAGE][PASSED] - Object 'Object Repository/Page_Swag Labs/div_Swag Labs' is present

22-02-2024T00:50:49 - [TEST_STEP][PASSED] - verifyElementPresent(findTestObject("Object Repository/Page_Swag Labs/div_Sauce Labs Backpack"), 0): Object 'Object Repository/Page_Swag Labs/div_Sauce Labs Backpack' is present

22-02-2024T00:50:49 - [MESSAGE][WARNING] - Timeout '0' is invalid. Using default page load timeout: '30'

22-02-2024T00:50:50 - [MESSAGE][PASSED] - Object 'Object Repository/Page_Swag Labs/div_Sauce Labs Backpack' is present

22-02-2024T00:50:50 - [TEST_STEP][PASSED] - click(findTestObject("Object Repository/Page_Swag Labs/div_Sauce Labs Backpack")): Object: 'Object Repository/Page_Swag Labs/div_Sauce Labs Backpack' is clicked on

22-02-2024T00:50:50 - [MESSAGE][PASSED] - Object: 'Object Repository/Page_Swag Labs/div_Sauce Labs Backpack' is clicked on

22-02-2024T00:50:50 - [TEST_STEP][PASSED] - verifyElementPresent(findTestObject("Object Repository/Page_Swag Labs/button_Add to cart"), 1): Object 'Object Repository/Page_Swag Labs/button_Add to cart' is present

22-02-2024T00:50:51 - [MESSAGE][PASSED] - Object 'Object Repository/Page_Swag Labs/button_Add to cart' is present

22-02-2024T00:50:51 - [TEST_STEP][PASSED] - click(findTestObject("Object Repository/Page_Swag Labs/button_Add to cart")): Object: 'Object Repository/Page_Swag Labs/button_Add to cart' is clicked on

22-02-2024T00:50:51 - [MESSAGE][PASSED] - Object: 'Object Repository/Page_Swag Labs/button_Add to cart' is clicked on

22-02-2024T00:50:51 - [MESSAGE][PASSED] - Call Test Case 'Test Cases/TC - Add to Cart' successfully

22-02-2024T00:50:51 - [TEST_STEP][PASSED] - verifyElementPresent(findTestObject("Object Repository/Page_Swag Labs/a_Swag Labs_shopping_cart_link"), 1): Object 'Object Repository/Page_Swag Labs/a_Swag Labs_shopping_cart_link' is present

22-02-2024T00:50:51 - [MESSAGE][PASSED] - Object 'Object Repository/Page_Swag Labs/a_Swag Labs_shopping_cart_link' is present

22-02-2024T00:50:51 - [TEST_STEP][PASSED] - click(findTestObject("Object Repository/Page_Swag Labs/a_Swag Labs_shopping_cart_link")): Object: 'Object Repository/Page_Swag Labs/a_Swag Labs_shopping_cart_link' is clicked on

22-02-2024T00:50:52 - [MESSAGE][PASSED] - Object: 'Object Repository/Page_Swag Labs/a_Swag Labs_shopping_cart_link' is clicked on

22-02-2024T00:50:52 - [MESSAGE][PASSED] - Call Test Case 'Test Cases/TC - Open Cart' successfully

22-02-2024T00:50:52 - [TEST_STEP][PASSED] - verifyElementPresent(findTestObject("Object Repository/Page_Swag Labs/button_Checkout"), 1): Object 'Object Repository/Page_Swag Labs/button_Checkout' is present

22-02-2024T00:50:52 - [MESSAGE][PASSED] - Object 'Object Repository/Page_Swag Labs/button_Checkout' is present

22-02-2024T00:50:52 - [TEST_STEP][PASSED] - click(findTestObject("Object Repository/Page_Swag Labs/button_Checkout")): Object: 'Object Repository/Page_Swag Labs/button_Checkout' is clicked on

22-02-2024T00:50:53 - [MESSAGE][PASSED] - Object: 'Object Repository/Page_Swag Labs/button_Checkout' is clicked on

22-02-2024T00:50:53 - [MESSAGE][PASSED] - Call Test Case 'Test Cases/TC - Checkout' successfully

22-02-2024T00:50:53 - [TEST_STEP][PASSED] - verifyElementPresent(findTestObject("Object Repository/Page_Swag Labs/input_Checkout Your Information_firstName"), 0): Object 'Object Repository/Page_Swag Labs/input_Checkout Your Information_firstName' is present

22-02-2024T00:50:53 - [MESSAGE][WARNING] - Timeout '0' is invalid. Using default page load timeout: '30'

22-02-2024T00:50:53 - [MESSAGE][PASSED] - Object 'Object Repository/Page_Swag Labs/input_Checkout Your Information_firstName' is present

22-02-2024T00:50:53 - [TEST_STEP][PASSED] - verifyElementPresent(findTestObject("Object Repository/Page_Swag Labs/input_Checkout Your Information_lastName"), 0): Object 'Object Repository/Page_Swag Labs/input_Checkout Your Information_lastName' is present

22-02-2024T00:50:53 - [MESSAGE][WARNING] - Timeout '0' is invalid. Using default page load timeout: '30'

22-02-2024T00:50:53 - [MESSAGE][PASSED] - Object 'Object Repository/Page_Swag Labs/input_Checkout Your Information_lastName' is present

22-02-2024T00:50:53 - [TEST_STEP][PASSED] - verifyElementPresent(findTestObject("Object Repository/Page_Swag Labs/input_Checkout Your Information_postalCode"), 0): Object 'Object Repository/Page_Swag Labs/input_Checkout Your Information_postalCode' is present

22-02-2024T00:50:53 - [MESSAGE][WARNING] - Timeout '0' is invalid. Using default page load timeout: '30'

22-02-2024T00:50:54 - [MESSAGE][PASSED] - Object 'Object Repository/Page_Swag Labs/input_Checkout Your Information_postalCode' is present

22-02-2024T00:50:54 - [TEST_STEP][PASSED] - setText(findTestObject("Object Repository/Page_Swag Labs/input_Checkout Your Information_firstName"), "John"): Text 'John' is set on object 'Object Repository/Page_Swag Labs/input_Checkout Your Information_firstName'

22-02-2024T00:50:54 - [MESSAGE][PASSED] - Text 'John' is set on object 'Object Repository/Page_Swag Labs/input_Checkout Your Information_firstName'

22-02-2024T00:50:54 - [TEST_STEP][PASSED] - setText(findTestObject("Object Repository/Page_Swag Labs/input_Checkout Your Information_lastName"), "Doe"): Text 'Doe' is set on object 'Object Repository/Page_Swag Labs/input_Checkout Your Information_lastName'

22-02-2024T00:50:55 - [MESSAGE][PASSED] - Text 'Doe' is set on object 'Object Repository/Page_Swag Labs/input_Checkout Your Information_lastName'

22-02-2024T00:50:55 - [TEST_STEP][PASSED] - setText(findTestObject("Object Repository/Page_Swag Labs/input_Checkout Your Information_postalCode"), "12345"): Text '12345' is set on object 'Object Repository/Page_Swag Labs/input_Checkout Your Information_postalCode'

22-02-2024T00:50:55 - [MESSAGE][PASSED] - Text '12345' is set on object 'Object Repository/Page_Swag Labs/input_Checkout Your Information_postalCode']]></system-out>
         <system-err><![CDATA[]]></system-err>
      </testcase>
      <system-out><![CDATA[22-02-2024T00:49:36 - [TEST_SUITE][PASSED] - Test Suite of 5: Test Cases/TC - Filling Detail for Order]]></system-out>
      <system-err><![CDATA[]]></system-err>
   </testsuite>
</testsuites>
