<?xml version="1.0" encoding="UTF-8"?>
<testsuites name="Test Suite of 5" time="100.219" tests="5" failures="0" errors="0">
   <testsuite name="Test Suite of 5" tests="5" failures="0" errors="0" time="100.219" skipped="0" timestamp="22-02-2024T01:00:17" hostname="tanayaseto - 192.168.1.19" id="Test Suites/Test Suite of 5">
      <properties>
         <property name="deviceName" value=""/>
         <property name="devicePlatform" value=""/>
         <property name="logFolder" value="/Users/tanayaseto/Katalon Studio/Practical Exercise 5 - Email Report/Reports/20240222_010003/Test Suite of 5/20240222_010003"/>
         <property name="logFiles" value="/Users/tanayaseto/Katalon Studio/Practical Exercise 5 - Email Report/Reports/20240222_010003/Test Suite of 5/20240222_010003/execution0.log"/>
         <property name="attachments" value=""/>
         <property name="hostName" value="tanayaseto - 192.168.1.19"/>
         <property name="os" value="Mac OS X 64bit"/>
         <property name="katalonVersion" value="9.3.0.212"/>
         <property name="browser" value="Firefox 123.0"/>
         <property name="hostAddress" value="192.168.1.19"/>
         <property name="sessionId" value="7b13e7d8-9fe9-435c-ad57-9898e6be6301"/>
         <property name="seleniumVersion" value="3.141.59"/>
         <property name="proxyInformation" value="ProxyInformation { proxyOption=NO_PROXY, proxyServerType=HTTP, username=, password=********, proxyServerAddress=, proxyServerPort=0, executionList=&quot;&quot;, isApplyToDesiredCapabilities=true }"/>
         <property name="platform" value="Mac OS X"/>
      </properties>
      <testcase name="Test Cases/TC - Login Success" time="14.0" classname="Test Cases/TC - Login Success" status="PASSED">
         <system-out><![CDATA[22-02-2024T01:00:18 - [TEST_CASE][PASSED] - Test Cases/TC - Login Success: Test Cases/TC - Login Success

22-02-2024T01:00:18 - [TEST_STEP][PASSED] - openBrowser(""): Browser is opened with url: ''

22-02-2024T01:00:18 - [MESSAGE][INFO] - Starting 'Firefox' driver

22-02-2024T01:00:19 - [MESSAGE][INFO] - Action delay is set to 0 milliseconds

22-02-2024T01:00:24 - [MESSAGE][PASSED] - Browser is opened with url: ''

22-02-2024T01:00:24 - [TEST_STEP][PASSED] - navigateToUrl("https://www.saucedemo.com/"): Navigate to 'https://www.saucedemo.com/' successfully

22-02-2024T01:00:27 - [MESSAGE][PASSED] - Navigate to 'https://www.saucedemo.com/' successfully

22-02-2024T01:00:27 - [TEST_STEP][PASSED] - verifyElementClickable(findTestObject("Object Repository/Page_Swag Labs/input_Swag Labs_login-button")): Object 'Object Repository/Page_Swag Labs/input_Swag Labs_login-button' is clickable

22-02-2024T01:00:29 - [MESSAGE][PASSED] - Object 'Object Repository/Page_Swag Labs/input_Swag Labs_login-button' is clickable

22-02-2024T01:00:29 - [TEST_STEP][PASSED] - verifyElementPresent(findTestObject("Object Repository/Page_Swag Labs/input_Swag Labs_user-name"), 1): Object 'Object Repository/Page_Swag Labs/input_Swag Labs_user-name' is present

22-02-2024T01:00:29 - [MESSAGE][PASSED] - Object 'Object Repository/Page_Swag Labs/input_Swag Labs_user-name' is present

22-02-2024T01:00:29 - [TEST_STEP][PASSED] - verifyElementPresent(findTestObject("Object Repository/Page_Swag Labs/input_Swag Labs_password"), 1): Object 'Object Repository/Page_Swag Labs/input_Swag Labs_password' is present

22-02-2024T01:00:29 - [MESSAGE][PASSED] - Object 'Object Repository/Page_Swag Labs/input_Swag Labs_password' is present

22-02-2024T01:00:29 - [TEST_STEP][PASSED] - setText(findTestObject("Object Repository/Page_Swag Labs/input_Swag Labs_user-name"), "standard_user"): Text 'standard_user' is set on object 'Object Repository/Page_Swag Labs/input_Swag Labs_user-name'

22-02-2024T01:00:30 - [MESSAGE][PASSED] - Text 'standard_user' is set on object 'Object Repository/Page_Swag Labs/input_Swag Labs_user-name'

22-02-2024T01:00:30 - [TEST_STEP][PASSED] - setText(findTestObject("Object Repository/Page_Swag Labs/input_Swag Labs_password"), "secret_sauce"): Text 'secret_sauce' is set on object 'Object Repository/Page_Swag Labs/input_Swag Labs_password'

22-02-2024T01:00:31 - [MESSAGE][PASSED] - Text 'secret_sauce' is set on object 'Object Repository/Page_Swag Labs/input_Swag Labs_password'

22-02-2024T01:00:31 - [TEST_STEP][PASSED] - click(findTestObject("Object Repository/Page_Swag Labs/input_Swag Labs_login-button")): Object: 'Object Repository/Page_Swag Labs/input_Swag Labs_login-button' is clicked on

22-02-2024T01:00:32 - [MESSAGE][PASSED] - Object: 'Object Repository/Page_Swag Labs/input_Swag Labs_login-button' is clicked on]]></system-out>
         <system-err><![CDATA[]]></system-err>
      </testcase>
      <testcase name="Test Cases/TC - Add to Cart" time="18.199" classname="Test Cases/TC - Add to Cart" status="PASSED">
         <system-out><![CDATA[22-02-2024T01:00:32 - [TEST_CASE][PASSED] - Test Cases/TC - Add to Cart: Test Cases/TC - Add to Cart

22-02-2024T01:00:32 - [TEST_STEP][PASSED] - callTestCase(findTestCase("TC - Login Success"), null): Call Test Case 'Test Cases/TC - Login Success' successfully

22-02-2024T01:00:32 - [TEST_CASE][PASSED] - Test Cases/TC - Login Success: Test Cases/TC - Login Success

22-02-2024T01:00:32 - [TEST_STEP][PASSED] - openBrowser(""): Browser is opened with url: ''

22-02-2024T01:00:32 - [MESSAGE][WARNING] - A browser is already opened. Closing browser and opening a new one

22-02-2024T01:00:33 - [MESSAGE][INFO] - Starting 'Firefox' driver

22-02-2024T01:00:33 - [MESSAGE][INFO] - Action delay is set to 0 milliseconds

22-02-2024T01:00:38 - [MESSAGE][PASSED] - Browser is opened with url: ''

22-02-2024T01:00:38 - [TEST_STEP][PASSED] - navigateToUrl("https://www.saucedemo.com/"): Navigate to 'https://www.saucedemo.com/' successfully

22-02-2024T01:00:42 - [MESSAGE][PASSED] - Navigate to 'https://www.saucedemo.com/' successfully

22-02-2024T01:00:42 - [TEST_STEP][PASSED] - verifyElementClickable(findTestObject("Object Repository/Page_Swag Labs/input_Swag Labs_login-button")): Object 'Object Repository/Page_Swag Labs/input_Swag Labs_login-button' is clickable

22-02-2024T01:00:44 - [MESSAGE][PASSED] - Object 'Object Repository/Page_Swag Labs/input_Swag Labs_login-button' is clickable

22-02-2024T01:00:44 - [TEST_STEP][PASSED] - verifyElementPresent(findTestObject("Object Repository/Page_Swag Labs/input_Swag Labs_user-name"), 1): Object 'Object Repository/Page_Swag Labs/input_Swag Labs_user-name' is present

22-02-2024T01:00:44 - [MESSAGE][PASSED] - Object 'Object Repository/Page_Swag Labs/input_Swag Labs_user-name' is present

22-02-2024T01:00:44 - [TEST_STEP][PASSED] - verifyElementPresent(findTestObject("Object Repository/Page_Swag Labs/input_Swag Labs_password"), 1): Object 'Object Repository/Page_Swag Labs/input_Swag Labs_password' is present

22-02-2024T01:00:45 - [MESSAGE][PASSED] - Object 'Object Repository/Page_Swag Labs/input_Swag Labs_password' is present

22-02-2024T01:00:45 - [TEST_STEP][PASSED] - setText(findTestObject("Object Repository/Page_Swag Labs/input_Swag Labs_user-name"), "standard_user"): Text 'standard_user' is set on object 'Object Repository/Page_Swag Labs/input_Swag Labs_user-name'

22-02-2024T01:00:45 - [MESSAGE][PASSED] - Text 'standard_user' is set on object 'Object Repository/Page_Swag Labs/input_Swag Labs_user-name'

22-02-2024T01:00:45 - [TEST_STEP][PASSED] - setText(findTestObject("Object Repository/Page_Swag Labs/input_Swag Labs_password"), "secret_sauce"): Text 'secret_sauce' is set on object 'Object Repository/Page_Swag Labs/input_Swag Labs_password'

22-02-2024T01:00:46 - [MESSAGE][PASSED] - Text 'secret_sauce' is set on object 'Object Repository/Page_Swag Labs/input_Swag Labs_password'

22-02-2024T01:00:46 - [TEST_STEP][PASSED] - click(findTestObject("Object Repository/Page_Swag Labs/input_Swag Labs_login-button")): Object: 'Object Repository/Page_Swag Labs/input_Swag Labs_login-button' is clicked on

22-02-2024T01:00:47 - [MESSAGE][PASSED] - Object: 'Object Repository/Page_Swag Labs/input_Swag Labs_login-button' is clicked on

22-02-2024T01:00:47 - [MESSAGE][PASSED] - Call Test Case 'Test Cases/TC - Login Success' successfully

22-02-2024T01:00:47 - [TEST_STEP][PASSED] - verifyElementPresent(findTestObject("Object Repository/Page_Swag Labs/div_Swag Labs"), 0): Object 'Object Repository/Page_Swag Labs/div_Swag Labs' is present

22-02-2024T01:00:47 - [MESSAGE][WARNING] - Timeout '0' is invalid. Using default page load timeout: '30'

22-02-2024T01:00:48 - [MESSAGE][PASSED] - Object 'Object Repository/Page_Swag Labs/div_Swag Labs' is present

22-02-2024T01:00:48 - [TEST_STEP][PASSED] - verifyElementPresent(findTestObject("Object Repository/Page_Swag Labs/div_Sauce Labs Backpack"), 0): Object 'Object Repository/Page_Swag Labs/div_Sauce Labs Backpack' is present

22-02-2024T01:00:48 - [MESSAGE][WARNING] - Timeout '0' is invalid. Using default page load timeout: '30'

22-02-2024T01:00:48 - [MESSAGE][PASSED] - Object 'Object Repository/Page_Swag Labs/div_Sauce Labs Backpack' is present

22-02-2024T01:00:48 - [TEST_STEP][PASSED] - click(findTestObject("Object Repository/Page_Swag Labs/div_Sauce Labs Backpack")): Object: 'Object Repository/Page_Swag Labs/div_Sauce Labs Backpack' is clicked on

22-02-2024T01:00:49 - [MESSAGE][PASSED] - Object: 'Object Repository/Page_Swag Labs/div_Sauce Labs Backpack' is clicked on

22-02-2024T01:00:49 - [TEST_STEP][PASSED] - verifyElementPresent(findTestObject("Object Repository/Page_Swag Labs/button_Add to cart"), 1): Object 'Object Repository/Page_Swag Labs/button_Add to cart' is present

22-02-2024T01:00:49 - [MESSAGE][PASSED] - Object 'Object Repository/Page_Swag Labs/button_Add to cart' is present

22-02-2024T01:00:49 - [TEST_STEP][PASSED] - click(findTestObject("Object Repository/Page_Swag Labs/button_Add to cart")): Object: 'Object Repository/Page_Swag Labs/button_Add to cart' is clicked on

22-02-2024T01:00:50 - [MESSAGE][PASSED] - Object: 'Object Repository/Page_Swag Labs/button_Add to cart' is clicked on]]></system-out>
         <system-err><![CDATA[]]></system-err>
      </testcase>
      <testcase name="Test Cases/TC - Open Cart" time="23.711" classname="Test Cases/TC - Open Cart" status="PASSED">
         <system-out><![CDATA[22-02-2024T01:00:50 - [TEST_CASE][PASSED] - Test Cases/TC - Open Cart: Test Cases/TC - Open Cart

22-02-2024T01:00:50 - [TEST_STEP][PASSED] - callTestCase(findTestCase("TC - Add to Cart"), null): Call Test Case 'Test Cases/TC - Add to Cart' successfully

22-02-2024T01:00:50 - [TEST_CASE][PASSED] - Test Cases/TC - Add to Cart: Test Cases/TC - Add to Cart

22-02-2024T01:00:50 - [TEST_STEP][PASSED] - callTestCase(findTestCase("TC - Login Success"), null): Call Test Case 'Test Cases/TC - Login Success' successfully

22-02-2024T01:00:50 - [TEST_CASE][PASSED] - Test Cases/TC - Login Success: Test Cases/TC - Login Success

22-02-2024T01:00:50 - [TEST_STEP][PASSED] - openBrowser(""): Browser is opened with url: ''

22-02-2024T01:00:50 - [MESSAGE][WARNING] - A browser is already opened. Closing browser and opening a new one

22-02-2024T01:00:52 - [MESSAGE][INFO] - Starting 'Firefox' driver

22-02-2024T01:00:52 - [MESSAGE][INFO] - Action delay is set to 0 milliseconds

22-02-2024T01:00:56 - [MESSAGE][PASSED] - Browser is opened with url: ''

22-02-2024T01:00:56 - [TEST_STEP][PASSED] - navigateToUrl("https://www.saucedemo.com/"): Navigate to 'https://www.saucedemo.com/' successfully

22-02-2024T01:01:00 - [MESSAGE][PASSED] - Navigate to 'https://www.saucedemo.com/' successfully

22-02-2024T01:01:00 - [TEST_STEP][PASSED] - verifyElementClickable(findTestObject("Object Repository/Page_Swag Labs/input_Swag Labs_login-button")): Object 'Object Repository/Page_Swag Labs/input_Swag Labs_login-button' is clickable

22-02-2024T01:01:08 - [MESSAGE][PASSED] - Object 'Object Repository/Page_Swag Labs/input_Swag Labs_login-button' is clickable

22-02-2024T01:01:08 - [TEST_STEP][PASSED] - verifyElementPresent(findTestObject("Object Repository/Page_Swag Labs/input_Swag Labs_user-name"), 1): Object 'Object Repository/Page_Swag Labs/input_Swag Labs_user-name' is present

22-02-2024T01:01:08 - [MESSAGE][PASSED] - Object 'Object Repository/Page_Swag Labs/input_Swag Labs_user-name' is present

22-02-2024T01:01:08 - [TEST_STEP][PASSED] - verifyElementPresent(findTestObject("Object Repository/Page_Swag Labs/input_Swag Labs_password"), 1): Object 'Object Repository/Page_Swag Labs/input_Swag Labs_password' is present

22-02-2024T01:01:08 - [MESSAGE][PASSED] - Object 'Object Repository/Page_Swag Labs/input_Swag Labs_password' is present

22-02-2024T01:01:08 - [TEST_STEP][PASSED] - setText(findTestObject("Object Repository/Page_Swag Labs/input_Swag Labs_user-name"), "standard_user"): Text 'standard_user' is set on object 'Object Repository/Page_Swag Labs/input_Swag Labs_user-name'

22-02-2024T01:01:09 - [MESSAGE][PASSED] - Text 'standard_user' is set on object 'Object Repository/Page_Swag Labs/input_Swag Labs_user-name'

22-02-2024T01:01:09 - [TEST_STEP][PASSED] - setText(findTestObject("Object Repository/Page_Swag Labs/input_Swag Labs_password"), "secret_sauce"): Text 'secret_sauce' is set on object 'Object Repository/Page_Swag Labs/input_Swag Labs_password'

22-02-2024T01:01:10 - [MESSAGE][PASSED] - Text 'secret_sauce' is set on object 'Object Repository/Page_Swag Labs/input_Swag Labs_password'

22-02-2024T01:01:10 - [TEST_STEP][PASSED] - click(findTestObject("Object Repository/Page_Swag Labs/input_Swag Labs_login-button")): Object: 'Object Repository/Page_Swag Labs/input_Swag Labs_login-button' is clicked on

22-02-2024T01:01:11 - [MESSAGE][PASSED] - Object: 'Object Repository/Page_Swag Labs/input_Swag Labs_login-button' is clicked on

22-02-2024T01:01:11 - [MESSAGE][PASSED] - Call Test Case 'Test Cases/TC - Login Success' successfully

22-02-2024T01:01:11 - [TEST_STEP][PASSED] - verifyElementPresent(findTestObject("Object Repository/Page_Swag Labs/div_Swag Labs"), 0): Object 'Object Repository/Page_Swag Labs/div_Swag Labs' is present

22-02-2024T01:01:11 - [MESSAGE][WARNING] - Timeout '0' is invalid. Using default page load timeout: '30'

22-02-2024T01:01:11 - [MESSAGE][PASSED] - Object 'Object Repository/Page_Swag Labs/div_Swag Labs' is present

22-02-2024T01:01:11 - [TEST_STEP][PASSED] - verifyElementPresent(findTestObject("Object Repository/Page_Swag Labs/div_Sauce Labs Backpack"), 0): Object 'Object Repository/Page_Swag Labs/div_Sauce Labs Backpack' is present

22-02-2024T01:01:11 - [MESSAGE][WARNING] - Timeout '0' is invalid. Using default page load timeout: '30'

22-02-2024T01:01:12 - [MESSAGE][PASSED] - Object 'Object Repository/Page_Swag Labs/div_Sauce Labs Backpack' is present

22-02-2024T01:01:12 - [TEST_STEP][PASSED] - click(findTestObject("Object Repository/Page_Swag Labs/div_Sauce Labs Backpack")): Object: 'Object Repository/Page_Swag Labs/div_Sauce Labs Backpack' is clicked on

22-02-2024T01:01:12 - [MESSAGE][PASSED] - Object: 'Object Repository/Page_Swag Labs/div_Sauce Labs Backpack' is clicked on

22-02-2024T01:01:12 - [TEST_STEP][PASSED] - verifyElementPresent(findTestObject("Object Repository/Page_Swag Labs/button_Add to cart"), 1): Object 'Object Repository/Page_Swag Labs/button_Add to cart' is present

22-02-2024T01:01:12 - [MESSAGE][PASSED] - Object 'Object Repository/Page_Swag Labs/button_Add to cart' is present

22-02-2024T01:01:12 - [TEST_STEP][PASSED] - click(findTestObject("Object Repository/Page_Swag Labs/button_Add to cart")): Object: 'Object Repository/Page_Swag Labs/button_Add to cart' is clicked on

22-02-2024T01:01:13 - [MESSAGE][PASSED] - Object: 'Object Repository/Page_Swag Labs/button_Add to cart' is clicked on

22-02-2024T01:01:13 - [MESSAGE][PASSED] - Call Test Case 'Test Cases/TC - Add to Cart' successfully

22-02-2024T01:01:13 - [TEST_STEP][PASSED] - verifyElementPresent(findTestObject("Object Repository/Page_Swag Labs/a_Swag Labs_shopping_cart_link"), 1): Object 'Object Repository/Page_Swag Labs/a_Swag Labs_shopping_cart_link' is present

22-02-2024T01:01:13 - [MESSAGE][PASSED] - Object 'Object Repository/Page_Swag Labs/a_Swag Labs_shopping_cart_link' is present

22-02-2024T01:01:13 - [TEST_STEP][PASSED] - click(findTestObject("Object Repository/Page_Swag Labs/a_Swag Labs_shopping_cart_link")): Object: 'Object Repository/Page_Swag Labs/a_Swag Labs_shopping_cart_link' is clicked on

22-02-2024T01:01:14 - [MESSAGE][PASSED] - Object: 'Object Repository/Page_Swag Labs/a_Swag Labs_shopping_cart_link' is clicked on]]></system-out>
         <system-err><![CDATA[]]></system-err>
      </testcase>
      <testcase name="Test Cases/TC - Checkout" time="17.496" classname="Test Cases/TC - Checkout" status="PASSED">
         <system-out><![CDATA[22-02-2024T01:01:14 - [TEST_CASE][PASSED] - Test Cases/TC - Checkout: Test Cases/TC - Checkout

22-02-2024T01:01:14 - [TEST_STEP][PASSED] - callTestCase(findTestCase("TC - Open Cart"), null): Call Test Case 'Test Cases/TC - Open Cart' successfully

22-02-2024T01:01:14 - [TEST_CASE][PASSED] - Test Cases/TC - Open Cart: Test Cases/TC - Open Cart

22-02-2024T01:01:14 - [TEST_STEP][PASSED] - callTestCase(findTestCase("TC - Add to Cart"), null): Call Test Case 'Test Cases/TC - Add to Cart' successfully

22-02-2024T01:01:14 - [TEST_CASE][PASSED] - Test Cases/TC - Add to Cart: Test Cases/TC - Add to Cart

22-02-2024T01:01:14 - [TEST_STEP][PASSED] - callTestCase(findTestCase("TC - Login Success"), null): Call Test Case 'Test Cases/TC - Login Success' successfully

22-02-2024T01:01:14 - [TEST_CASE][PASSED] - Test Cases/TC - Login Success: Test Cases/TC - Login Success

22-02-2024T01:01:14 - [TEST_STEP][PASSED] - openBrowser(""): Browser is opened with url: ''

22-02-2024T01:01:14 - [MESSAGE][WARNING] - A browser is already opened. Closing browser and opening a new one

22-02-2024T01:01:15 - [MESSAGE][INFO] - Starting 'Firefox' driver

22-02-2024T01:01:15 - [MESSAGE][INFO] - Action delay is set to 0 milliseconds

22-02-2024T01:01:19 - [MESSAGE][PASSED] - Browser is opened with url: ''

22-02-2024T01:01:19 - [TEST_STEP][PASSED] - navigateToUrl("https://www.saucedemo.com/"): Navigate to 'https://www.saucedemo.com/' successfully

22-02-2024T01:01:23 - [MESSAGE][PASSED] - Navigate to 'https://www.saucedemo.com/' successfully

22-02-2024T01:01:23 - [TEST_STEP][PASSED] - verifyElementClickable(findTestObject("Object Repository/Page_Swag Labs/input_Swag Labs_login-button")): Object 'Object Repository/Page_Swag Labs/input_Swag Labs_login-button' is clickable

22-02-2024T01:01:25 - [MESSAGE][PASSED] - Object 'Object Repository/Page_Swag Labs/input_Swag Labs_login-button' is clickable

22-02-2024T01:01:25 - [TEST_STEP][PASSED] - verifyElementPresent(findTestObject("Object Repository/Page_Swag Labs/input_Swag Labs_user-name"), 1): Object 'Object Repository/Page_Swag Labs/input_Swag Labs_user-name' is present

22-02-2024T01:01:25 - [MESSAGE][PASSED] - Object 'Object Repository/Page_Swag Labs/input_Swag Labs_user-name' is present

22-02-2024T01:01:25 - [TEST_STEP][PASSED] - verifyElementPresent(findTestObject("Object Repository/Page_Swag Labs/input_Swag Labs_password"), 1): Object 'Object Repository/Page_Swag Labs/input_Swag Labs_password' is present

22-02-2024T01:01:25 - [MESSAGE][PASSED] - Object 'Object Repository/Page_Swag Labs/input_Swag Labs_password' is present

22-02-2024T01:01:25 - [TEST_STEP][PASSED] - setText(findTestObject("Object Repository/Page_Swag Labs/input_Swag Labs_user-name"), "standard_user"): Text 'standard_user' is set on object 'Object Repository/Page_Swag Labs/input_Swag Labs_user-name'

22-02-2024T01:01:26 - [MESSAGE][PASSED] - Text 'standard_user' is set on object 'Object Repository/Page_Swag Labs/input_Swag Labs_user-name'

22-02-2024T01:01:26 - [TEST_STEP][PASSED] - setText(findTestObject("Object Repository/Page_Swag Labs/input_Swag Labs_password"), "secret_sauce"): Text 'secret_sauce' is set on object 'Object Repository/Page_Swag Labs/input_Swag Labs_password'

22-02-2024T01:01:27 - [MESSAGE][PASSED] - Text 'secret_sauce' is set on object 'Object Repository/Page_Swag Labs/input_Swag Labs_password'

22-02-2024T01:01:27 - [TEST_STEP][PASSED] - click(findTestObject("Object Repository/Page_Swag Labs/input_Swag Labs_login-button")): Object: 'Object Repository/Page_Swag Labs/input_Swag Labs_login-button' is clicked on

22-02-2024T01:01:27 - [MESSAGE][PASSED] - Object: 'Object Repository/Page_Swag Labs/input_Swag Labs_login-button' is clicked on

22-02-2024T01:01:27 - [MESSAGE][PASSED] - Call Test Case 'Test Cases/TC - Login Success' successfully

22-02-2024T01:01:27 - [TEST_STEP][PASSED] - verifyElementPresent(findTestObject("Object Repository/Page_Swag Labs/div_Swag Labs"), 0): Object 'Object Repository/Page_Swag Labs/div_Swag Labs' is present

22-02-2024T01:01:28 - [MESSAGE][WARNING] - Timeout '0' is invalid. Using default page load timeout: '30'

22-02-2024T01:01:28 - [MESSAGE][PASSED] - Object 'Object Repository/Page_Swag Labs/div_Swag Labs' is present

22-02-2024T01:01:28 - [TEST_STEP][PASSED] - verifyElementPresent(findTestObject("Object Repository/Page_Swag Labs/div_Sauce Labs Backpack"), 0): Object 'Object Repository/Page_Swag Labs/div_Sauce Labs Backpack' is present

22-02-2024T01:01:28 - [MESSAGE][WARNING] - Timeout '0' is invalid. Using default page load timeout: '30'

22-02-2024T01:01:28 - [MESSAGE][PASSED] - Object 'Object Repository/Page_Swag Labs/div_Sauce Labs Backpack' is present

22-02-2024T01:01:28 - [TEST_STEP][PASSED] - click(findTestObject("Object Repository/Page_Swag Labs/div_Sauce Labs Backpack")): Object: 'Object Repository/Page_Swag Labs/div_Sauce Labs Backpack' is clicked on

22-02-2024T01:01:29 - [MESSAGE][PASSED] - Object: 'Object Repository/Page_Swag Labs/div_Sauce Labs Backpack' is clicked on

22-02-2024T01:01:29 - [TEST_STEP][PASSED] - verifyElementPresent(findTestObject("Object Repository/Page_Swag Labs/button_Add to cart"), 1): Object 'Object Repository/Page_Swag Labs/button_Add to cart' is present

22-02-2024T01:01:29 - [MESSAGE][PASSED] - Object 'Object Repository/Page_Swag Labs/button_Add to cart' is present

22-02-2024T01:01:29 - [TEST_STEP][PASSED] - click(findTestObject("Object Repository/Page_Swag Labs/button_Add to cart")): Object: 'Object Repository/Page_Swag Labs/button_Add to cart' is clicked on

22-02-2024T01:01:30 - [MESSAGE][PASSED] - Object: 'Object Repository/Page_Swag Labs/button_Add to cart' is clicked on

22-02-2024T01:01:30 - [MESSAGE][PASSED] - Call Test Case 'Test Cases/TC - Add to Cart' successfully

22-02-2024T01:01:30 - [TEST_STEP][PASSED] - verifyElementPresent(findTestObject("Object Repository/Page_Swag Labs/a_Swag Labs_shopping_cart_link"), 1): Object 'Object Repository/Page_Swag Labs/a_Swag Labs_shopping_cart_link' is present

22-02-2024T01:01:30 - [MESSAGE][PASSED] - Object 'Object Repository/Page_Swag Labs/a_Swag Labs_shopping_cart_link' is present

22-02-2024T01:01:30 - [TEST_STEP][PASSED] - click(findTestObject("Object Repository/Page_Swag Labs/a_Swag Labs_shopping_cart_link")): Object: 'Object Repository/Page_Swag Labs/a_Swag Labs_shopping_cart_link' is clicked on

22-02-2024T01:01:30 - [MESSAGE][PASSED] - Object: 'Object Repository/Page_Swag Labs/a_Swag Labs_shopping_cart_link' is clicked on

22-02-2024T01:01:30 - [MESSAGE][PASSED] - Call Test Case 'Test Cases/TC - Open Cart' successfully

22-02-2024T01:01:30 - [TEST_STEP][PASSED] - verifyElementPresent(findTestObject("Object Repository/Page_Swag Labs/button_Checkout"), 1): Object 'Object Repository/Page_Swag Labs/button_Checkout' is present

22-02-2024T01:01:31 - [MESSAGE][PASSED] - Object 'Object Repository/Page_Swag Labs/button_Checkout' is present

22-02-2024T01:01:31 - [TEST_STEP][PASSED] - click(findTestObject("Object Repository/Page_Swag Labs/button_Checkout")): Object: 'Object Repository/Page_Swag Labs/button_Checkout' is clicked on

22-02-2024T01:01:31 - [MESSAGE][PASSED] - Object: 'Object Repository/Page_Swag Labs/button_Checkout' is clicked on]]></system-out>
         <system-err><![CDATA[]]></system-err>
      </testcase>
      <testcase name="Test Cases/TC - Filling Detail for Order" time="26.395" classname="Test Cases/TC - Filling Detail for Order" status="PASSED">
         <system-out><![CDATA[22-02-2024T01:01:31 - [TEST_CASE][PASSED] - Test Cases/TC - Filling Detail for Order: Test Cases/TC - Filling Detail for Order

22-02-2024T01:01:31 - [TEST_STEP][PASSED] - callTestCase(findTestCase("TC - Checkout"), null): Call Test Case 'Test Cases/TC - Checkout' successfully

22-02-2024T01:01:31 - [TEST_CASE][PASSED] - Test Cases/TC - Checkout: Test Cases/TC - Checkout

22-02-2024T01:01:31 - [TEST_STEP][PASSED] - callTestCase(findTestCase("TC - Open Cart"), null): Call Test Case 'Test Cases/TC - Open Cart' successfully

22-02-2024T01:01:31 - [TEST_CASE][PASSED] - Test Cases/TC - Open Cart: Test Cases/TC - Open Cart

22-02-2024T01:01:31 - [TEST_STEP][PASSED] - callTestCase(findTestCase("TC - Add to Cart"), null): Call Test Case 'Test Cases/TC - Add to Cart' successfully

22-02-2024T01:01:31 - [TEST_CASE][PASSED] - Test Cases/TC - Add to Cart: Test Cases/TC - Add to Cart

22-02-2024T01:01:31 - [TEST_STEP][PASSED] - callTestCase(findTestCase("TC - Login Success"), null): Call Test Case 'Test Cases/TC - Login Success' successfully

22-02-2024T01:01:32 - [TEST_CASE][PASSED] - Test Cases/TC - Login Success: Test Cases/TC - Login Success

22-02-2024T01:01:32 - [TEST_STEP][PASSED] - openBrowser(""): Browser is opened with url: ''

22-02-2024T01:01:32 - [MESSAGE][WARNING] - A browser is already opened. Closing browser and opening a new one

22-02-2024T01:01:33 - [MESSAGE][INFO] - Starting 'Firefox' driver

22-02-2024T01:01:33 - [MESSAGE][INFO] - Action delay is set to 0 milliseconds

22-02-2024T01:01:36 - [MESSAGE][PASSED] - Browser is opened with url: ''

22-02-2024T01:01:36 - [TEST_STEP][PASSED] - navigateToUrl("https://www.saucedemo.com/"): Navigate to 'https://www.saucedemo.com/' successfully

22-02-2024T01:01:46 - [MESSAGE][PASSED] - Navigate to 'https://www.saucedemo.com/' successfully

22-02-2024T01:01:46 - [TEST_STEP][PASSED] - verifyElementClickable(findTestObject("Object Repository/Page_Swag Labs/input_Swag Labs_login-button")): Object 'Object Repository/Page_Swag Labs/input_Swag Labs_login-button' is clickable

22-02-2024T01:01:48 - [MESSAGE][PASSED] - Object 'Object Repository/Page_Swag Labs/input_Swag Labs_login-button' is clickable

22-02-2024T01:01:48 - [TEST_STEP][PASSED] - verifyElementPresent(findTestObject("Object Repository/Page_Swag Labs/input_Swag Labs_user-name"), 1): Object 'Object Repository/Page_Swag Labs/input_Swag Labs_user-name' is present

22-02-2024T01:01:48 - [MESSAGE][PASSED] - Object 'Object Repository/Page_Swag Labs/input_Swag Labs_user-name' is present

22-02-2024T01:01:48 - [TEST_STEP][PASSED] - verifyElementPresent(findTestObject("Object Repository/Page_Swag Labs/input_Swag Labs_password"), 1): Object 'Object Repository/Page_Swag Labs/input_Swag Labs_password' is present

22-02-2024T01:01:48 - [MESSAGE][PASSED] - Object 'Object Repository/Page_Swag Labs/input_Swag Labs_password' is present

22-02-2024T01:01:48 - [TEST_STEP][PASSED] - setText(findTestObject("Object Repository/Page_Swag Labs/input_Swag Labs_user-name"), "standard_user"): Text 'standard_user' is set on object 'Object Repository/Page_Swag Labs/input_Swag Labs_user-name'

22-02-2024T01:01:49 - [MESSAGE][PASSED] - Text 'standard_user' is set on object 'Object Repository/Page_Swag Labs/input_Swag Labs_user-name'

22-02-2024T01:01:49 - [TEST_STEP][PASSED] - setText(findTestObject("Object Repository/Page_Swag Labs/input_Swag Labs_password"), "secret_sauce"): Text 'secret_sauce' is set on object 'Object Repository/Page_Swag Labs/input_Swag Labs_password'

22-02-2024T01:01:49 - [MESSAGE][PASSED] - Text 'secret_sauce' is set on object 'Object Repository/Page_Swag Labs/input_Swag Labs_password'

22-02-2024T01:01:49 - [TEST_STEP][PASSED] - click(findTestObject("Object Repository/Page_Swag Labs/input_Swag Labs_login-button")): Object: 'Object Repository/Page_Swag Labs/input_Swag Labs_login-button' is clicked on

22-02-2024T01:01:50 - [MESSAGE][PASSED] - Object: 'Object Repository/Page_Swag Labs/input_Swag Labs_login-button' is clicked on

22-02-2024T01:01:50 - [MESSAGE][PASSED] - Call Test Case 'Test Cases/TC - Login Success' successfully

22-02-2024T01:01:50 - [TEST_STEP][PASSED] - verifyElementPresent(findTestObject("Object Repository/Page_Swag Labs/div_Swag Labs"), 0): Object 'Object Repository/Page_Swag Labs/div_Swag Labs' is present

22-02-2024T01:01:50 - [MESSAGE][WARNING] - Timeout '0' is invalid. Using default page load timeout: '30'

22-02-2024T01:01:51 - [MESSAGE][PASSED] - Object 'Object Repository/Page_Swag Labs/div_Swag Labs' is present

22-02-2024T01:01:51 - [TEST_STEP][PASSED] - verifyElementPresent(findTestObject("Object Repository/Page_Swag Labs/div_Sauce Labs Backpack"), 0): Object 'Object Repository/Page_Swag Labs/div_Sauce Labs Backpack' is present

22-02-2024T01:01:51 - [MESSAGE][WARNING] - Timeout '0' is invalid. Using default page load timeout: '30'

22-02-2024T01:01:51 - [MESSAGE][PASSED] - Object 'Object Repository/Page_Swag Labs/div_Sauce Labs Backpack' is present

22-02-2024T01:01:51 - [TEST_STEP][PASSED] - click(findTestObject("Object Repository/Page_Swag Labs/div_Sauce Labs Backpack")): Object: 'Object Repository/Page_Swag Labs/div_Sauce Labs Backpack' is clicked on

22-02-2024T01:01:52 - [MESSAGE][PASSED] - Object: 'Object Repository/Page_Swag Labs/div_Sauce Labs Backpack' is clicked on

22-02-2024T01:01:52 - [TEST_STEP][PASSED] - verifyElementPresent(findTestObject("Object Repository/Page_Swag Labs/button_Add to cart"), 1): Object 'Object Repository/Page_Swag Labs/button_Add to cart' is present

22-02-2024T01:01:52 - [MESSAGE][PASSED] - Object 'Object Repository/Page_Swag Labs/button_Add to cart' is present

22-02-2024T01:01:52 - [TEST_STEP][PASSED] - click(findTestObject("Object Repository/Page_Swag Labs/button_Add to cart")): Object: 'Object Repository/Page_Swag Labs/button_Add to cart' is clicked on

22-02-2024T01:01:52 - [MESSAGE][PASSED] - Object: 'Object Repository/Page_Swag Labs/button_Add to cart' is clicked on

22-02-2024T01:01:52 - [MESSAGE][PASSED] - Call Test Case 'Test Cases/TC - Add to Cart' successfully

22-02-2024T01:01:52 - [TEST_STEP][PASSED] - verifyElementPresent(findTestObject("Object Repository/Page_Swag Labs/a_Swag Labs_shopping_cart_link"), 1): Object 'Object Repository/Page_Swag Labs/a_Swag Labs_shopping_cart_link' is present

22-02-2024T01:01:53 - [MESSAGE][PASSED] - Object 'Object Repository/Page_Swag Labs/a_Swag Labs_shopping_cart_link' is present

22-02-2024T01:01:53 - [TEST_STEP][PASSED] - click(findTestObject("Object Repository/Page_Swag Labs/a_Swag Labs_shopping_cart_link")): Object: 'Object Repository/Page_Swag Labs/a_Swag Labs_shopping_cart_link' is clicked on

22-02-2024T01:01:53 - [MESSAGE][PASSED] - Object: 'Object Repository/Page_Swag Labs/a_Swag Labs_shopping_cart_link' is clicked on

22-02-2024T01:01:53 - [MESSAGE][PASSED] - Call Test Case 'Test Cases/TC - Open Cart' successfully

22-02-2024T01:01:53 - [TEST_STEP][PASSED] - verifyElementPresent(findTestObject("Object Repository/Page_Swag Labs/button_Checkout"), 1): Object 'Object Repository/Page_Swag Labs/button_Checkout' is present

22-02-2024T01:01:53 - [MESSAGE][PASSED] - Object 'Object Repository/Page_Swag Labs/button_Checkout' is present

22-02-2024T01:01:53 - [TEST_STEP][PASSED] - click(findTestObject("Object Repository/Page_Swag Labs/button_Checkout")): Object: 'Object Repository/Page_Swag Labs/button_Checkout' is clicked on

22-02-2024T01:01:54 - [MESSAGE][PASSED] - Object: 'Object Repository/Page_Swag Labs/button_Checkout' is clicked on

22-02-2024T01:01:54 - [MESSAGE][PASSED] - Call Test Case 'Test Cases/TC - Checkout' successfully

22-02-2024T01:01:54 - [TEST_STEP][PASSED] - verifyElementPresent(findTestObject("Object Repository/Page_Swag Labs/input_Checkout Your Information_firstName"), 0): Object 'Object Repository/Page_Swag Labs/input_Checkout Your Information_firstName' is present

22-02-2024T01:01:54 - [MESSAGE][WARNING] - Timeout '0' is invalid. Using default page load timeout: '30'

22-02-2024T01:01:55 - [MESSAGE][PASSED] - Object 'Object Repository/Page_Swag Labs/input_Checkout Your Information_firstName' is present

22-02-2024T01:01:55 - [TEST_STEP][PASSED] - verifyElementPresent(findTestObject("Object Repository/Page_Swag Labs/input_Checkout Your Information_lastName"), 0): Object 'Object Repository/Page_Swag Labs/input_Checkout Your Information_lastName' is present

22-02-2024T01:01:55 - [MESSAGE][WARNING] - Timeout '0' is invalid. Using default page load timeout: '30'

22-02-2024T01:01:55 - [MESSAGE][PASSED] - Object 'Object Repository/Page_Swag Labs/input_Checkout Your Information_lastName' is present

22-02-2024T01:01:55 - [TEST_STEP][PASSED] - verifyElementPresent(findTestObject("Object Repository/Page_Swag Labs/input_Checkout Your Information_postalCode"), 0): Object 'Object Repository/Page_Swag Labs/input_Checkout Your Information_postalCode' is present

22-02-2024T01:01:55 - [MESSAGE][WARNING] - Timeout '0' is invalid. Using default page load timeout: '30'

22-02-2024T01:01:55 - [MESSAGE][PASSED] - Object 'Object Repository/Page_Swag Labs/input_Checkout Your Information_postalCode' is present

22-02-2024T01:01:55 - [TEST_STEP][PASSED] - setText(findTestObject("Object Repository/Page_Swag Labs/input_Checkout Your Information_firstName"), "John"): Text 'John' is set on object 'Object Repository/Page_Swag Labs/input_Checkout Your Information_firstName'

22-02-2024T01:01:56 - [MESSAGE][PASSED] - Text 'John' is set on object 'Object Repository/Page_Swag Labs/input_Checkout Your Information_firstName'

22-02-2024T01:01:56 - [TEST_STEP][PASSED] - setText(findTestObject("Object Repository/Page_Swag Labs/input_Checkout Your Information_lastName"), "Doe"): Text 'Doe' is set on object 'Object Repository/Page_Swag Labs/input_Checkout Your Information_lastName'

22-02-2024T01:01:57 - [MESSAGE][PASSED] - Text 'Doe' is set on object 'Object Repository/Page_Swag Labs/input_Checkout Your Information_lastName'

22-02-2024T01:01:57 - [TEST_STEP][PASSED] - setText(findTestObject("Object Repository/Page_Swag Labs/input_Checkout Your Information_postalCode"), "12345"): Text '12345' is set on object 'Object Repository/Page_Swag Labs/input_Checkout Your Information_postalCode'

22-02-2024T01:01:58 - [MESSAGE][PASSED] - Text '12345' is set on object 'Object Repository/Page_Swag Labs/input_Checkout Your Information_postalCode']]></system-out>
         <system-err><![CDATA[]]></system-err>
      </testcase>
      <system-out><![CDATA[22-02-2024T01:00:17 - [TEST_SUITE][PASSED] - Test Suite of 5: Test Cases/TC - Filling Detail for Order]]></system-out>
      <system-err><![CDATA[]]></system-err>
   </testsuite>
</testsuites>
